Flutter crash report.
Please report a bug at https://github.com/flutter/flutter/issues.

## command

flutter run -d edge

## exception

DartDevelopmentServiceException: DartDevelopmentServiceException: Failed to start Dart Development Service

```
```

## flutter doctor

```
[32m[✓][39m Flutter (Channel stable, 3.38.4, on Microsoft Windows [Version 10.0.26200.7462], locale en-US) [450ms]
    [32m•[39m Flutter version 3.38.4 on channel stable at C:\src\flutter
    [32m•[39m Upstream repository https://github.com/flutter/flutter.git
    [32m•[39m Framework revision 66dd93f9a2 (6 weeks ago), 2025-12-03 14:56:10 -0800
    [32m•[39m Engine revision a5cb96369e
    [32m•[39m Dart version 3.10.3
    [32m•[39m DevTools version 2.51.1
    [32m•[39m Feature flags: enable-web, enable-linux-desktop, enable-macos-desktop, enable-windows-desktop, enable-android, enable-ios,
      cli-animations, enable-native-assets, omit-legacy-version-file, enable-lldb-debugging

[32m[✓][39m Windows Version (11 Home Single Language 64-bit, 25H2, 2009) [1,205ms]

[33m[!][39m Android toolchain - develop for Android devices (Android SDK version 35.0.0) [425ms]
    [32m•[39m Android SDK at C:\Users\Faith\AppData\Local\Android\sdk
    [32m•[39m Emulator version 35.2.10.0 (build_id 12414864) (CL:N/A)
    [31m✗[39m cmdline-tools component is missing.
      Try installing or updating Android Studio.
      Alternatively, download the tools from https://developer.android.com/studio#command-line-tools-only and make sure to set the
      ANDROID_HOME environment variable.
      See https://developer.android.com/studio/command-line for more details.
    [31m✗[39m Android license status unknown.
      Run `flutter doctor --android-licenses` to accept the SDK licenses.
      See https://flutter.dev/to/windows-android-setup for more details.

[32m[✓][39m Chrome - develop for the web [136ms]
    [32m•[39m Chrome at C:\Program Files\Google\Chrome\Application\chrome.exe

[32m[✓][39m Visual Studio - develop Windows apps (Visual Studio Community 2026 18.2.0) [134ms]
    [32m•[39m Visual Studio at C:\Program Files\Microsoft Visual Studio\18\Community
    [32m•[39m Visual Studio Community 2026 version 18.2.11408.102
    [32m•[39m Windows 10 SDK version 10.0.26100.0

[32m[✓][39m Connected device (3 available) [246ms]
    [32m•[39m Windows (desktop) • windows • windows-x64    • Microsoft Windows [Version 10.0.26200.7462]
    [32m•[39m Chrome (web)      • chrome  • web-javascript • Google Chrome 143.0.7499.193
    [32m•[39m Edge (web)        • edge    • web-javascript • Microsoft Edge 143.0.3650.139

[32m[✓][39m Network resources [3.0s]
    [32m•[39m All expected network resources are available.

[33m![39m Doctor found issues in 1 category.
```
